2025-11-04 08:23:27,303 INFO Daemon started, socket ready
2025-11-04 08:23:33,328 INFO RX {'type': 'player.prev', 'ts': 1762241013.1412272}
2025-11-04 08:23:34,385 INFO RX {'type': 'player.next', 'ts': 1762241014.3786805}
2025-11-04 08:23:37,177 INFO RX {'type': 'player.volume.step', 'delta': 5, 'ts': 1762241017.173702}
2025-11-04 08:23:38,272 INFO RX {'type': 'player.volume.step', 'delta': 5, 'ts': 1762241018.2693994}
2025-11-04 08:23:39,290 INFO RX {'type': 'player.volume.step', 'delta': -5, 'ts': 1762241019.2878988}
2025-11-04 08:23:39,478 INFO RX {'type': 'player.volume.step', 'delta': -5, 'ts': 1762241019.476843}
2025-11-04 08:23:41,036 INFO RX {'type': 'button.pressed_start', 'button': 'Btn D', 'ts': 1762241021.034156}
2025-11-04 08:23:41,047 INFO RX {'type': 'player.volume.step', 'delta': -5, 'ts': 1762241021.0357828}
2025-11-04 08:23:41,341 INFO RX {'type': 'player.volume.step', 'delta': -5, 'ts': 1762241021.3385088}
2025-11-04 08:23:41,649 INFO RX {'type': 'player.volume.step', 'delta': -5, 'ts': 1762241021.6485848}
2025-11-04 08:23:41,952 INFO RX {'type': 'player.volume.step', 'delta': -5, 'ts': 1762241021.9498448}
2025-11-04 08:23:42,255 INFO RX {'type': 'player.volume.step', 'delta': -5, 'ts': 1762241022.2527099}
2025-11-04 08:23:42,638 INFO RX {'type': 'button.pressed_end', 'button': 'Btn D', 'ts': 1762241022.4893098}
2025-11-04 08:23:50,253 INFO RX {'type': 'player.next', 'ts': 1762241030.1425083}
2025-11-04 08:23:51,299 INFO RX {'type': 'player.prev', 'ts': 1762241031.297992}
2025-11-04 08:25:46,835 INFO Daemon started, socket ready
2025-11-04 08:37:35,114 INFO Daemon started, socket ready
2025-11-04 08:38:19,553 INFO RX {'type': 'player.prev', 'ts': 1762241899.543828}
2025-11-04 08:38:20,493 INFO RX {'type': 'player.volume.step', 'delta': 5, 'ts': 1762241900.4925368}
2025-11-04 08:38:21,242 INFO RX {'type': 'player.next', 'ts': 1762241901.2410173}
2025-11-04 08:38:21,868 INFO RX {'type': 'player.volume.step', 'delta': -5, 'ts': 1762241901.8676434}
2025-11-04 08:38:22,687 INFO RX {'type': 'button.pressed_start', 'button': 'reset', 'ts': 1762241902.685983}
2025-11-04 08:38:27,817 INFO RX {'type': 'system.reset', 'ts': 1762241907.8132083}
2025-11-04 08:41:09,946 INFO RX {'type': 'player.prev', 'ts': 1762242066.3553817}
2025-11-04 08:41:12,200 INFO RX {'type': 'player.volume.step', 'delta': 5, 'ts': 1762242071.1347642}
2025-11-04 08:41:13,883 INFO RX {'type': 'player.prev', 'ts': 1762242073.5918813}
2025-11-04 08:41:14,565 INFO RX {'type': 'player.next', 'ts': 1762242074.5645008}
2025-11-04 08:41:18,376 INFO RX {'type': 'button.pressed_start', 'button': 'Btn C', 'ts': 1762242078.3756583}
2025-11-04 08:41:18,378 INFO RX {'type': 'player.volume.step', 'delta': 5, 'ts': 1762242078.3762639}
2025-11-04 08:41:18,680 INFO RX {'type': 'player.volume.step', 'delta': 5, 'ts': 1762242078.679145}
2025-11-04 08:41:18,983 INFO RX {'type': 'player.volume.step', 'delta': 5, 'ts': 1762242078.9822404}
2025-11-04 08:41:19,131 INFO RX {'type': 'button.pressed_end', 'button': 'Btn C', 'ts': 1762242079.1300247}
2025-11-04 08:41:20,605 INFO RX {'type': 'player.volume.step', 'delta': 5, 'ts': 1762242080.6035502}
2025-11-04 08:41:22,935 INFO RX {'type': 'player.volume.step', 'delta': -5, 'ts': 1762242082.9125934}
2025-11-04 08:41:24,189 INFO RX {'type': 'button.pressed_start', 'button': 'Btn D', 'ts': 1762242084.186152}
2025-11-04 08:41:24,197 INFO RX {'type': 'player.volume.step', 'delta': -5, 'ts': 1762242084.1874352}
2025-11-04 08:41:24,495 INFO RX {'type': 'player.volume.step', 'delta': -5, 'ts': 1762242084.4948168}
2025-11-04 08:41:24,703 INFO RX {'type': 'button.pressed_end', 'button': 'Btn D', 'ts': 1762242084.7028015}
